
         <xml>
          <ToUserName><![CDATA[oXJDHt2h4rcydRbT3g-dFrJhzKm0]]></ToUserName>
          <FromUserName><![CDATA[gh_a9851c4f65f6]]></FromUserName>
          <CreateTime>1570206848</CreateTime>
          <MsgType><![CDATA[text]]></MsgType>
          <Content><![CDATA[亲爱的，key不对哦。]]></Content>
          </xml>
         
         <xml>
          <ToUserName><![CDATA[oXJDHt2h4rcydRbT3g-dFrJhzKm0]]></ToUserName>
          <FromUserName><![CDATA[gh_a9851c4f65f6]]></FromUserName>
          <CreateTime>1570206848</CreateTime>
          <MsgType><![CDATA[text]]></MsgType>
          <Content><![CDATA[亲爱的，key不对哦。]]></Content>
          </xml>
         
         <xml>
          <ToUserName><![CDATA[oXJDHt2h4rcydRbT3g-dFrJhzKm0]]></ToUserName>
          <FromUserName><![CDATA[gh_a9851c4f65f6]]></FromUserName>
          <CreateTime>1570206856</CreateTime>
          <MsgType><![CDATA[text]]></MsgType>
          <Content><![CDATA[亲爱的，key不对哦。]]></Content>
          </xml>
         